Arguments: 
  C:\Program Files\nodejs\node.exe C:\Program Files\nodejs\node_global\node_modules\yarn\bin\yarn.js d

PATH: 
  C:\Users\yeshen\bin;C:\Program Files\Git\mingw64\bin;C:\Program Files\Git\usr\local\bin;C:\Program Files\Git\usr\bin;C:\Program Files\Git\usr\bin;C:\Program Files\Git\mingw64\bin;C:\Program Files\Git\usr\bin;C:\Users\yeshen\bin;G:\Program Files (x86)\NetSarang\Xlpd 6;G:\Program Files (x86)\NetSarang\Xshell 6;G:\Program Files (x86)\NetSarang\Xmanager 6;C:\Program Files (x86)\Common Files\Oracle\Java\javapath;C:\Windows\system32;C:\Windows;C:\Windows\System32\Wbem;C:\Windows\System32\WindowsPowerShell\v1.0;C:\Windows\System32\OpenSSH;C:\Program Files\Git\cmd;C:\Program Files\Java\jdk1.8.0_171\bin;C:\Program Files\Java\jdk1.8.0_171\bin;C:\Program Files\nodejs;C:\Program Files\nodejs\node_global;C:\Users\yeshen\AppData\Local\Microsoft\WindowsApps;C:\Users\yeshen\AppData\Roaming\npm;C:\Program Files\Git\usr\bin\vendor_perl;C:\Program Files\Git\usr\bin\core_perl

Yarn version: 
  1.22.10

Node version: 
  14.15.0

Platform: 
  win32 x64

Trace: 
  SyntaxError: C:\Users\yeshen\Desktop\vuepress\doc\package.json: Unexpected string in JSON at position 168
      at JSON.parse (<anonymous>)
      at C:\Program Files\nodejs\node_global\node_modules\yarn\lib\cli.js:1625:59
      at Generator.next (<anonymous>)
      at step (C:\Program Files\nodejs\node_global\node_modules\yarn\lib\cli.js:310:30)
      at C:\Program Files\nodejs\node_global\node_modules\yarn\lib\cli.js:321:13

npm manifest: 
  {
    "name": "blog",
    "version": "1.0.0",
    "author": "reco_luan",
    "scripts": {
      "dev": "vuepress dev . --open --host \"localhost\"",
  	"d" :  "bash deploy.sh"
      "build": "vuepress build ."
    },
    "devDependencies": {
      "vuepress": "1.5.4",
      "vuepress-theme-reco": "1.5.7"
    },
    "dependencies": {
      "vue-class-component": "^7.2.3",
      "@iktakahiro/markdown-it-katex": "^3.1.0",
      "@vuepress/plugin-active-header-links": "^1.2.0",
      "@vuepress/plugin-pwa": "^1.2.0",
      "husky": "^3.0.9",
      "markdown-it": "^10.0.0",
      "markdown-it-mark": "^3.0.0",
      "markdown-it-task-lists": "^2.1.1",
      "markdown-it-vuepress-code-snippet-enhanced": "^1.0.1",
      "prettier": "1.19.1",
      "pretty-quick": "^2.0.1",
      "vuepress": "^1.5.4",
      "vuepress-plugin-go-top": "^0.0.1",
      "vuepress-plugin-cursor-effects": "^0.0.4",
      "vuepress-plugin-dynamic-title": "^0.0.5",
      "vuepress-plugin-flowchart": "^1.4.3",
      "vuepress-plugin-ribbon": "^1.0.0",
      "vuepress-theme-reco": "^1.5.7",
      "vuepress-plugin-reading-progress": "^1.0.8",
      "@vuepress-reco/vuepress-plugin-comments": "^1.0.13",
      "leancloud-storage": "3.13.2",
      "vue-click-outside": "1.0.7",
      "vuepress-plugin-reward": "1.0.1",
      "vuepress-plugin-nest": "1.0.1",
      "@vuepress-reco/vuepress-plugin-pagation": "^1.0.6",
      "vuepress-plugin-nprogress": "^1.1.1",
      "vuepress-plugin-medium-zoom": "^1.1.3",
      "@vuepress-reco/vuepress-plugin-bgm-player": "^1.0.0",
      "@vuepress-reco/vuepress-plugin-kan-ban-niang": "^1.0.5",
      "vuepress-plugin-code-copy": "^1.0.4"
    },
    "description": "blog"
  }

yarn manifest: 
  No manifest

Lockfile: 
  No lockfile
